<?xml version="1.0" encoding="UTF-8"?>
<!-- Generated by org.testng.reporters.JUnitReportReporter -->
<testsuite hostname="Administrator" failures="0" tests="4" name="tests.TestClass" time="8.030" errors="0" timestamp="02 июл. 2018 14:27:55 GMT" skipped="0">
  <testcase classname="tests.TestClass" name="discountAssertion" time="0.508"/>
  <testcase classname="tests.TestClass" name="currencyAssertion" time="2.717"/>
  <testcase classname="tests.TestClass" name="searchAssertion" time="3.641"/>
  <testcase classname="tests.TestClass" name="sortAssertion" time="1.164"/>
</testsuite> <!-- tests.TestClass -->
